  [1m[35m (364.4ms)[0m  [1m[35mCREATE DATABASE "portfolio-project_development" ENCODING = 'unicode'[0m
  ↳ bin/rails:4
  [1m[35m (125.9ms)[0m  [1m[35mCREATE DATABASE "portfolio-project_test" ENCODING = 'unicode'[0m
  ↳ bin/rails:4
Started GET "/" for ::1 at 2020-02-21 21:24:29 +1100
Processing by Rails::WelcomeController#index as HTML
  Rendering /Users/olivercook/.rvm/gems/ruby-2.4.1/gems/railties-5.2.4.1/lib/rails/templates/rails/welcome/index.html.erb
  Rendered /Users/olivercook/.rvm/gems/ruby-2.4.1/gems/railties-5.2.4.1/lib/rails/templates/rails/welcome/index.html.erb (4.0ms)
Completed 200 OK in 18ms (Views: 13.0ms | ActiveRecord: 0.0ms)


Started GET "/profile" for ::1 at 2020-02-21 21:25:00 +1100
  
ActionController::RoutingError (No route matches [GET] "/profile"):
  
actionpack (5.2.4.1) lib/action_dispatch/middleware/debug_exceptions.rb:65:in `call'
web-console (3.7.0) lib/web_console/middleware.rb:135:in `call_app'
web-console (3.7.0) lib/web_console/middleware.rb:30:in `block in call'
web-console (3.7.0) lib/web_console/middleware.rb:20:in `catch'
web-console (3.7.0) lib/web_console/middleware.rb:20:in `call'
actionpack (5.2.4.1) lib/action_dispatch/middleware/show_exceptions.rb:33:in `call'
railties (5.2.4.1) lib/rails/rack/logger.rb:38:in `call_app'
railties (5.2.4.1) lib/rails/rack/logger.rb:26:in `block in call'
activesupport (5.2.4.1) lib/active_support/tagged_logging.rb:71:in `block in tagged'
activesupport (5.2.4.1) lib/active_support/tagged_logging.rb:28:in `tagged'
activesupport (5.2.4.1) lib/active_support/tagged_logging.rb:71:in `tagged'
railties (5.2.4.1) lib/rails/rack/logger.rb:26:in `call'
sprockets-rails (3.2.1) lib/sprockets/rails/quiet_assets.rb:13:in `call'
actionpack (5.2.4.1) lib/action_dispatch/middleware/remote_ip.rb:81:in `call'
actionpack (5.2.4.1) lib/action_dispatch/middleware/request_id.rb:27:in `call'
rack (2.2.2) lib/rack/method_override.rb:24:in `call'
rack (2.2.2) lib/rack/runtime.rb:22:in `call'
activesupport (5.2.4.1) lib/active_support/cache/strategy/local_cache_middleware.rb:29:in `call'
actionpack (5.2.4.1) lib/action_dispatch/middleware/executor.rb:14:in `call'
actionpack (5.2.4.1) lib/action_dispatch/middleware/static.rb:127:in `call'
rack (2.2.2) lib/rack/sendfile.rb:110:in `call'
railties (5.2.4.1) lib/rails/engine.rb:524:in `call'
puma (3.12.2) lib/puma/configuration.rb:227:in `call'
puma (3.12.2) lib/puma/server.rb:674:in `handle_request'
puma (3.12.2) lib/puma/server.rb:476:in `process_client'
puma (3.12.2) lib/puma/server.rb:334:in `block in run'
puma (3.12.2) lib/puma/thread_pool.rb:135:in `block in spawn_thread'
Started GET "/" for ::1 at 2020-02-21 21:25:26 +1100
Processing by Rails::WelcomeController#index as HTML
  Rendering /Users/olivercook/.rvm/gems/ruby-2.4.1/gems/railties-5.2.4.1/lib/rails/templates/rails/welcome/index.html.erb
  Rendered /Users/olivercook/.rvm/gems/ruby-2.4.1/gems/railties-5.2.4.1/lib/rails/templates/rails/welcome/index.html.erb (2.2ms)
Completed 200 OK in 15ms (Views: 6.4ms | ActiveRecord: 0.0ms)


  [1m[35m (62.2ms)[0m  [1m[35mCREATE TABLE "schema_migrations" ("version" character varying NOT NULL PRIMARY KEY)[0m
  ↳ bin/rails:4
  [1m[35m (7.5ms)[0m  [1m[35mCREATE TABLE "ar_internal_metadata" ("key" character varying NOT NULL PRIMARY KEY, "value" character varying, "created_at" timestamp NOT NULL, "updated_at" timestamp NOT NULL)[0m
  ↳ bin/rails:4
  [1m[35m (2.2ms)[0m  [1m[34mSELECT pg_try_advisory_lock(6905882407159880655)[0m
  ↳ bin/rails:4
  [1m[35m (1.7ms)[0m  [1m[34mSELECT "schema_migrations"."version" FROM "schema_migrations" ORDER BY "schema_migrations"."version" ASC[0m
  ↳ bin/rails:4
Migrating to CreateBlogs (20200221102913)
  [1m[35m (20.9ms)[0m  [1m[35mBEGIN[0m
  ↳ bin/rails:4
  [1m[35m (23.5ms)[0m  [1m[35mCREATE TABLE "blogs" ("id" bigserial primary key, "title" character varying, "body" text, "created_at" timestamp NOT NULL, "updated_at" timestamp NOT NULL)[0m
  ↳ db/migrate/20200221102913_create_blogs.rb:3
  [1m[36mActiveRecord::SchemaMigration Create (4.9ms)[0m  [1m[32mINSERT INTO "schema_migrations" ("version") VALUES ($1) RETURNING "version"[0m  [["version", "20200221102913"]]
  ↳ bin/rails:4
  [1m[35m (1.0ms)[0m  [1m[35mCOMMIT[0m
  ↳ bin/rails:4
  [1m[36mActiveRecord::InternalMetadata Load (0.4ms)[0m  [1m[34mSELECT  "ar_internal_metadata".* FROM "ar_internal_metadata" WHERE "ar_internal_metadata"."key" = $1 LIMIT $2[0m  [["key", "environment"], ["LIMIT", 1]]
  ↳ bin/rails:4
  [1m[35m (0.1ms)[0m  [1m[35mBEGIN[0m
  ↳ bin/rails:4
  [1m[36mActiveRecord::InternalMetadata Create (1.6ms)[0m  [1m[32mINSERT INTO "ar_internal_metadata" ("key", "value", "created_at", "updated_at") VALUES ($1, $2, $3, $4) RETURNING "key"[0m  [["key", "environment"], ["value", "development"], ["created_at", "2020-02-21 10:32:22.674567"], ["updated_at", "2020-02-21 10:32:22.674567"]]
  ↳ bin/rails:4
  [1m[35m (0.3ms)[0m  [1m[35mCOMMIT[0m
  ↳ bin/rails:4
  [1m[35m (0.2ms)[0m  [1m[34mSELECT pg_advisory_unlock(6905882407159880655)[0m
  ↳ bin/rails:4
  [1m[35m (0.7ms)[0m  [1m[34mSELECT "schema_migrations"."version" FROM "schema_migrations" ORDER BY "schema_migrations"."version" ASC[0m
  ↳ bin/rails:4
Started GET "/" for ::1 at 2020-02-21 21:34:41 +1100
  [1m[35m (0.9ms)[0m  [1m[34mSELECT "schema_migrations"."version" FROM "schema_migrations" ORDER BY "schema_migrations"."version" ASC[0m
  ↳ /Users/olivercook/.rvm/gems/ruby-2.4.1/gems/activerecord-5.2.4.1/lib/active_record/log_subscriber.rb:98
Processing by Rails::WelcomeController#index as HTML
  Rendering /Users/olivercook/.rvm/gems/ruby-2.4.1/gems/railties-5.2.4.1/lib/rails/templates/rails/welcome/index.html.erb
  Rendered /Users/olivercook/.rvm/gems/ruby-2.4.1/gems/railties-5.2.4.1/lib/rails/templates/rails/welcome/index.html.erb (2.7ms)
Completed 200 OK in 12ms (Views: 6.7ms | ActiveRecord: 0.0ms)


Started GET "/blogs" for ::1 at 2020-02-21 21:34:45 +1100
Processing by BlogsController#index as HTML
  Rendering blogs/index.html.erb within layouts/application
  [1m[36mBlog Load (17.6ms)[0m  [1m[34mSELECT "blogs".* FROM "blogs"[0m
  ↳ app/views/blogs/index.html.erb:15
  Rendered blogs/index.html.erb within layouts/application (24.3ms)
Completed 200 OK in 765ms (Views: 716.5ms | ActiveRecord: 20.2ms)


Started GET "/blogs/new" for ::1 at 2020-02-21 21:45:50 +1100
Processing by BlogsController#new as HTML
  Rendering blogs/new.html.erb within layouts/application
  Rendered blogs/_form.html.erb (52.3ms)
  Rendered blogs/new.html.erb within layouts/application (58.9ms)
Completed 200 OK in 117ms (Views: 90.7ms | ActiveRecord: 8.3ms)


Started POST "/blogs" for ::1 at 2020-02-21 21:46:11 +1100
Processing by BlogsController#create as HTML
  Parameters: {"utf8"=>"✓", "authenticity_token"=>"nfXmHGx3uYCYBGblAWXI+Smidiv5Mw/qVY9SfrVgn/A89pSXTjQal0KX/vChjv80M3J2GwheBiT0ITleTACIOQ==", "blog"=>{"title"=>"test1", "body"=>"this is a test"}, "commit"=>"Create Blog"}
  [1m[35m (0.3ms)[0m  [1m[35mBEGIN[0m
  ↳ app/controllers/blogs_controller.rb:30
  [1m[36mBlog Create (3.1ms)[0m  [1m[32mINSERT INTO "blogs" ("title", "body", "created_at", "updated_at") VALUES ($1, $2, $3, $4) RETURNING "id"[0m  [["title", "test1"], ["body", "this is a test"], ["created_at", "2020-02-21 10:46:11.477405"], ["updated_at", "2020-02-21 10:46:11.477405"]]
  ↳ app/controllers/blogs_controller.rb:30
  [1m[35m (1.0ms)[0m  [1m[35mCOMMIT[0m
  ↳ app/controllers/blogs_controller.rb:30
Redirected to http://localhost:3000/blogs/1
Completed 302 Found in 13ms (ActiveRecord: 4.3ms)


Started GET "/blogs/1" for ::1 at 2020-02-21 21:46:11 +1100
Processing by BlogsController#show as HTML
  Parameters: {"id"=>"1"}
  [1m[36mBlog Load (1.8ms)[0m  [1m[34mSELECT  "blogs".* FROM "blogs" WHERE "blogs"."id" = $1 LIMIT $2[0m  [["id", 1], ["LIMIT", 1]]
  ↳ app/controllers/blogs_controller.rb:67
  Rendering blogs/show.html.erb within layouts/application
  Rendered blogs/show.html.erb within layouts/application (2.7ms)
Completed 200 OK in 47ms (Views: 32.0ms | ActiveRecord: 2.1ms)


Started GET "/blogs/1/edit" for ::1 at 2020-02-21 21:49:38 +1100
Processing by BlogsController#edit as HTML
  Parameters: {"id"=>"1"}
  [1m[36mBlog Load (0.5ms)[0m  [1m[34mSELECT  "blogs".* FROM "blogs" WHERE "blogs"."id" = $1 LIMIT $2[0m  [["id", 1], ["LIMIT", 1]]
  ↳ app/controllers/blogs_controller.rb:67
  Rendering blogs/edit.html.erb within layouts/application
  Rendered blogs/_form.html.erb (2.5ms)
  Rendered blogs/edit.html.erb within layouts/application (6.3ms)
Completed 200 OK in 35ms (Views: 29.0ms | ActiveRecord: 0.5ms)


Started PATCH "/blogs/1" for ::1 at 2020-02-21 21:49:56 +1100
Processing by BlogsController#update as HTML
  Parameters: {"utf8"=>"✓", "authenticity_token"=>"3KKr8Ucn+Wyj4SihACIDHCuvDxwc/3FHb45QtRa8KcJ9odl6ZWRae3lysLSgyTTRMX8PLO2SeInOIDuV79w+Cw==", "blog"=>{"title"=>"test1", "body"=>"this is a test that was updated "}, "commit"=>"Update Blog", "id"=>"1"}
  [1m[36mBlog Load (3.3ms)[0m  [1m[34mSELECT  "blogs".* FROM "blogs" WHERE "blogs"."id" = $1 LIMIT $2[0m  [["id", 1], ["LIMIT", 1]]
  ↳ app/controllers/blogs_controller.rb:67
  [1m[35m (0.3ms)[0m  [1m[35mBEGIN[0m
  ↳ app/controllers/blogs_controller.rb:44
  [1m[36mBlog Update (2.8ms)[0m  [1m[33mUPDATE "blogs" SET "body" = $1, "updated_at" = $2 WHERE "blogs"."id" = $3[0m  [["body", "this is a test that was updated "], ["updated_at", "2020-02-21 10:49:56.746087"], ["id", 1]]
  ↳ app/controllers/blogs_controller.rb:44
  [1m[35m (0.7ms)[0m  [1m[35mCOMMIT[0m
  ↳ app/controllers/blogs_controller.rb:44
Redirected to http://localhost:3000/blogs/1
Completed 302 Found in 14ms (ActiveRecord: 7.1ms)


Started GET "/blogs/1" for ::1 at 2020-02-21 21:49:56 +1100
Processing by BlogsController#show as HTML
  Parameters: {"id"=>"1"}
  [1m[36mBlog Load (0.4ms)[0m  [1m[34mSELECT  "blogs".* FROM "blogs" WHERE "blogs"."id" = $1 LIMIT $2[0m  [["id", 1], ["LIMIT", 1]]
  ↳ app/controllers/blogs_controller.rb:67
  Rendering blogs/show.html.erb within layouts/application
  Rendered blogs/show.html.erb within layouts/application (1.1ms)
Completed 200 OK in 28ms (Views: 22.7ms | ActiveRecord: 0.4ms)


Started GET "/blogs" for ::1 at 2020-02-21 21:49:58 +1100
Processing by BlogsController#index as HTML
  Rendering blogs/index.html.erb within layouts/application
  [1m[36mBlog Load (0.3ms)[0m  [1m[34mSELECT "blogs".* FROM "blogs"[0m
  ↳ app/views/blogs/index.html.erb:15
  Rendered blogs/index.html.erb within layouts/application (2.4ms)
Completed 200 OK in 28ms (Views: 21.2ms | ActiveRecord: 0.3ms)


Started GET "/blogs/1" for ::1 at 2020-02-21 21:50:02 +1100
Processing by BlogsController#show as HTML
  Parameters: {"id"=>"1"}
  [1m[36mBlog Load (0.6ms)[0m  [1m[34mSELECT  "blogs".* FROM "blogs" WHERE "blogs"."id" = $1 LIMIT $2[0m  [["id", 1], ["LIMIT", 1]]
  ↳ app/controllers/blogs_controller.rb:67
  Rendering blogs/show.html.erb within layouts/application
  Rendered blogs/show.html.erb within layouts/application (0.8ms)
Completed 200 OK in 25ms (Views: 19.6ms | ActiveRecord: 0.6ms)


Started GET "/blogs/new" for ::1 at 2020-02-21 21:50:10 +1100
Processing by BlogsController#new as HTML
  Rendering blogs/new.html.erb within layouts/application
  Rendered blogs/_form.html.erb (2.7ms)
  Rendered blogs/new.html.erb within layouts/application (6.6ms)
Completed 200 OK in 31ms (Views: 25.1ms | ActiveRecord: 0.0ms)


Started POST "/blogs" for ::1 at 2020-02-21 21:50:27 +1100
Processing by BlogsController#create as HTML
  Parameters: {"utf8"=>"✓", "authenticity_token"=>"42h983b8uOAT/pw+WdQTZEQ6IhtHLk6lXDiG1HWkF8tCaw94VL8b98ltBCv5PySpXuoiK7ZDR2v9lu30jMQAAg==", "blog"=>{"title"=>"second test", "body"=>"this is a second test"}, "commit"=>"Create Blog"}
  [1m[35m (4.5ms)[0m  [1m[35mBEGIN[0m
  ↳ app/controllers/blogs_controller.rb:30
  [1m[36mBlog Create (0.5ms)[0m  [1m[32mINSERT INTO "blogs" ("title", "body", "created_at", "updated_at") VALUES ($1, $2, $3, $4) RETURNING "id"[0m  [["title", "second test"], ["body", "this is a second test"], ["created_at", "2020-02-21 10:50:27.730260"], ["updated_at", "2020-02-21 10:50:27.730260"]]
  ↳ app/controllers/blogs_controller.rb:30
  [1m[35m (4.1ms)[0m  [1m[35mCOMMIT[0m
  ↳ app/controllers/blogs_controller.rb:30
Redirected to http://localhost:3000/blogs/2
Completed 302 Found in 14ms (ActiveRecord: 9.1ms)


Started GET "/blogs/2" for ::1 at 2020-02-21 21:50:27 +1100
Processing by BlogsController#show as HTML
  Parameters: {"id"=>"2"}
  [1m[36mBlog Load (0.4ms)[0m  [1m[34mSELECT  "blogs".* FROM "blogs" WHERE "blogs"."id" = $1 LIMIT $2[0m  [["id", 2], ["LIMIT", 1]]
  ↳ app/controllers/blogs_controller.rb:67
  Rendering blogs/show.html.erb within layouts/application
  Rendered blogs/show.html.erb within layouts/application (0.9ms)
Completed 200 OK in 23ms (Views: 18.8ms | ActiveRecord: 0.4ms)


Started GET "/blogs" for ::1 at 2020-02-21 21:50:30 +1100
Processing by BlogsController#index as HTML
  Rendering blogs/index.html.erb within layouts/application
  [1m[36mBlog Load (0.3ms)[0m  [1m[34mSELECT "blogs".* FROM "blogs"[0m
  ↳ app/views/blogs/index.html.erb:15
  Rendered blogs/index.html.erb within layouts/application (2.3ms)
Completed 200 OK in 29ms (Views: 23.2ms | ActiveRecord: 0.3ms)


Started GET "/blogs/1/edit" for ::1 at 2020-02-21 21:51:06 +1100
Processing by BlogsController#edit as HTML
  Parameters: {"id"=>"1"}
  [1m[36mBlog Load (1.2ms)[0m  [1m[34mSELECT  "blogs".* FROM "blogs" WHERE "blogs"."id" = $1 LIMIT $2[0m  [["id", 1], ["LIMIT", 1]]
  ↳ app/controllers/blogs_controller.rb:67
  Rendering blogs/edit.html.erb within layouts/application
  Rendered blogs/_form.html.erb (2.5ms)
  Rendered blogs/edit.html.erb within layouts/application (6.8ms)
Completed 200 OK in 31ms (Views: 24.6ms | ActiveRecord: 1.2ms)


Started GET "/blogs/1" for ::1 at 2020-02-21 21:51:09 +1100
Processing by BlogsController#show as HTML
  Parameters: {"id"=>"1"}
  [1m[36mBlog Load (0.4ms)[0m  [1m[34mSELECT  "blogs".* FROM "blogs" WHERE "blogs"."id" = $1 LIMIT $2[0m  [["id", 1], ["LIMIT", 1]]
  ↳ app/controllers/blogs_controller.rb:67
  Rendering blogs/show.html.erb within layouts/application
  Rendered blogs/show.html.erb within layouts/application (1.0ms)
Completed 200 OK in 26ms (Views: 19.7ms | ActiveRecord: 0.4ms)


Started GET "/blogs/new" for ::1 at 2020-02-21 21:51:14 +1100
Processing by BlogsController#new as HTML
  Rendering blogs/new.html.erb within layouts/application
  Rendered blogs/_form.html.erb (3.0ms)
  Rendered blogs/new.html.erb within layouts/application (6.1ms)
Completed 200 OK in 27ms (Views: 22.4ms | ActiveRecord: 0.0ms)


Started GET "/blogs" for ::1 at 2020-02-21 21:52:14 +1100
Processing by BlogsController#index as HTML
  Rendering blogs/index.html.erb within layouts/application
  [1m[36mBlog Load (0.4ms)[0m  [1m[34mSELECT "blogs".* FROM "blogs"[0m
  ↳ app/views/blogs/index.html.erb:15
  Rendered blogs/index.html.erb within layouts/application (3.6ms)
Completed 200 OK in 35ms (Views: 30.5ms | ActiveRecord: 0.4ms)


Started GET "/" for ::1 at 2020-02-21 21:53:35 +1100
Processing by Rails::WelcomeController#index as HTML
  Rendering /Users/olivercook/.rvm/gems/ruby-2.4.1/gems/railties-5.2.4.1/lib/rails/templates/rails/welcome/index.html.erb
  Rendered /Users/olivercook/.rvm/gems/ruby-2.4.1/gems/railties-5.2.4.1/lib/rails/templates/rails/welcome/index.html.erb (5.8ms)
Completed 200 OK in 25ms (Views: 9.2ms | ActiveRecord: 0.0ms)


Started GET "/rails/info/routes" for ::1 at 2020-02-21 21:53:38 +1100
Processing by Rails::InfoController#routes as HTML
  Rendering /Users/olivercook/.rvm/gems/ruby-2.4.1/gems/railties-5.2.4.1/lib/rails/templates/rails/info/routes.html.erb within layouts/application
  Rendered collection of /Users/olivercook/.rvm/gems/ruby-2.4.1/gems/actionpack-5.2.4.1/lib/action_dispatch/middleware/templates/routes/_route.html.erb [8 times] (15.9ms)
  Rendered /Users/olivercook/.rvm/gems/ruby-2.4.1/gems/actionpack-5.2.4.1/lib/action_dispatch/middleware/templates/routes/_table.html.erb (1.7ms)
  Rendered /Users/olivercook/.rvm/gems/ruby-2.4.1/gems/railties-5.2.4.1/lib/rails/templates/rails/info/routes.html.erb within layouts/application (32.1ms)
Completed 200 OK in 62ms (Views: 50.8ms | ActiveRecord: 0.0ms)


Started GET "/blogs/new" for ::1 at 2020-02-21 21:54:17 +1100
Processing by BlogsController#new as HTML
  Rendering blogs/new.html.erb within layouts/application
  Rendered blogs/_form.html.erb (3.7ms)
  Rendered blogs/new.html.erb within layouts/application (7.4ms)
Completed 200 OK in 38ms (Views: 31.8ms | ActiveRecord: 0.0ms)


Started GET "/blogs" for ::1 at 2020-02-21 21:54:19 +1100
Processing by BlogsController#index as HTML
  Rendering blogs/index.html.erb within layouts/application
  [1m[36mBlog Load (0.4ms)[0m  [1m[34mSELECT "blogs".* FROM "blogs"[0m
  ↳ app/views/blogs/index.html.erb:15
  Rendered blogs/index.html.erb within layouts/application (2.4ms)
Completed 200 OK in 26ms (Views: 20.9ms | ActiveRecord: 0.4ms)


Started GET "/blogs/1/edit" for ::1 at 2020-02-21 21:54:27 +1100
Processing by BlogsController#edit as HTML
  Parameters: {"id"=>"1"}
  [1m[36mBlog Load (0.5ms)[0m  [1m[34mSELECT  "blogs".* FROM "blogs" WHERE "blogs"."id" = $1 LIMIT $2[0m  [["id", 1], ["LIMIT", 1]]
  ↳ app/controllers/blogs_controller.rb:67
  Rendering blogs/edit.html.erb within layouts/application
  Rendered blogs/_form.html.erb (2.1ms)
  Rendered blogs/edit.html.erb within layouts/application (5.2ms)
Completed 200 OK in 30ms (Views: 22.1ms | ActiveRecord: 0.5ms)


Started GET "/blogs" for ::1 at 2020-02-21 21:54:40 +1100
Processing by BlogsController#index as HTML
  Rendering blogs/index.html.erb within layouts/application
  [1m[36mBlog Load (0.3ms)[0m  [1m[34mSELECT "blogs".* FROM "blogs"[0m
  ↳ app/views/blogs/index.html.erb:15
  Rendered blogs/index.html.erb within layouts/application (2.4ms)
Completed 200 OK in 25ms (Views: 20.5ms | ActiveRecord: 0.3ms)


Started GET "/blogs/new" for ::1 at 2020-02-21 21:54:41 +1100
Processing by BlogsController#new as HTML
  Rendering blogs/new.html.erb within layouts/application
  Rendered blogs/_form.html.erb (4.4ms)
  Rendered blogs/new.html.erb within layouts/application (8.3ms)
Completed 200 OK in 29ms (Views: 26.3ms | ActiveRecord: 0.0ms)


Started POST "/blogs" for ::1 at 2020-02-21 21:54:59 +1100
Processing by BlogsController#create as HTML
  Parameters: {"utf8"=>"✓", "authenticity_token"=>"LdgEu9pOEHOh5POu9VI4qvExRpBsZDOovDORQTsJiNeM23Yw+A2zZHt3a7tVuQ9n6+FGoJ0JOmYdnfphwmmfHg==", "blog"=>{"title"=>"ive started", "body"=>"rails is cool??"}, "commit"=>"Create Blog"}
  [1m[35m (3.5ms)[0m  [1m[35mBEGIN[0m
  ↳ app/controllers/blogs_controller.rb:30
  [1m[36mBlog Create (0.8ms)[0m  [1m[32mINSERT INTO "blogs" ("title", "body", "created_at", "updated_at") VALUES ($1, $2, $3, $4) RETURNING "id"[0m  [["title", "ive started"], ["body", "rails is cool??"], ["created_at", "2020-02-21 10:54:59.103687"], ["updated_at", "2020-02-21 10:54:59.103687"]]
  ↳ app/controllers/blogs_controller.rb:30
  [1m[35m (4.5ms)[0m  [1m[35mCOMMIT[0m
  ↳ app/controllers/blogs_controller.rb:30
Redirected to http://localhost:3000/blogs/3
Completed 302 Found in 14ms (ActiveRecord: 8.8ms)


Started GET "/blogs/3" for ::1 at 2020-02-21 21:54:59 +1100
Processing by BlogsController#show as HTML
  Parameters: {"id"=>"3"}
  [1m[36mBlog Load (0.3ms)[0m  [1m[34mSELECT  "blogs".* FROM "blogs" WHERE "blogs"."id" = $1 LIMIT $2[0m  [["id", 3], ["LIMIT", 1]]
  ↳ app/controllers/blogs_controller.rb:67
  Rendering blogs/show.html.erb within layouts/application
  Rendered blogs/show.html.erb within layouts/application (0.9ms)
Completed 200 OK in 27ms (Views: 22.3ms | ActiveRecord: 0.3ms)


Started GET "/blogs/3/edit" for ::1 at 2020-02-21 21:59:20 +1100
Processing by BlogsController#edit as HTML
  Parameters: {"id"=>"3"}
  [1m[36mBlog Load (0.4ms)[0m  [1m[34mSELECT  "blogs".* FROM "blogs" WHERE "blogs"."id" = $1 LIMIT $2[0m  [["id", 3], ["LIMIT", 1]]
  ↳ app/controllers/blogs_controller.rb:67
  Rendering blogs/edit.html.erb within layouts/application
  Rendered blogs/_form.html.erb (2.7ms)
  Rendered blogs/edit.html.erb within layouts/application (6.7ms)
Completed 200 OK in 36ms (Views: 31.3ms | ActiveRecord: 0.4ms)


Started GET "/blogs/3/edit" for ::1 at 2020-02-21 21:59:31 +1100
Processing by BlogsController#edit as HTML
  Parameters: {"id"=>"3"}
  [1m[36mBlog Load (0.4ms)[0m  [1m[34mSELECT  "blogs".* FROM "blogs" WHERE "blogs"."id" = $1 LIMIT $2[0m  [["id", 3], ["LIMIT", 1]]
  ↳ app/controllers/blogs_controller.rb:67
  Rendering blogs/edit.html.erb within layouts/application
  Rendered blogs/_form.html.erb (13.3ms)
  Rendered blogs/edit.html.erb within layouts/application (18.4ms)
Completed 200 OK in 80ms (Views: 74.3ms | ActiveRecord: 0.4ms)


Started GET "/rails/info/routes" for ::1 at 2020-02-21 22:33:54 +1100
  [1m[35m (0.8ms)[0m  [1m[34mSELECT "schema_migrations"."version" FROM "schema_migrations" ORDER BY "schema_migrations"."version" ASC[0m
  ↳ /Users/olivercook/.rvm/gems/ruby-2.4.1/gems/activerecord-5.2.4.1/lib/active_record/log_subscriber.rb:98
  
ActiveRecord::PendingMigrationError (

Migrations are pending. To resolve this issue, run:

        bin/rails db:migrate RAILS_ENV=development

):
  
activerecord (5.2.4.1) lib/active_record/migration.rb:579:in `check_pending!'
activerecord (5.2.4.1) lib/active_record/migration.rb:556:in `call'
actionpack (5.2.4.1) lib/action_dispatch/middleware/callbacks.rb:28:in `block in call'
activesupport (5.2.4.1) lib/active_support/callbacks.rb:98:in `run_callbacks'
actionpack (5.2.4.1) lib/action_dispatch/middleware/callbacks.rb:26:in `call'
actionpack (5.2.4.1) lib/action_dispatch/middleware/executor.rb:14:in `call'
actionpack (5.2.4.1) lib/action_dispatch/middleware/debug_exceptions.rb:61:in `call'
web-console (3.7.0) lib/web_console/middleware.rb:135:in `call_app'
web-console (3.7.0) lib/web_console/middleware.rb:30:in `block in call'
web-console (3.7.0) lib/web_console/middleware.rb:20:in `catch'
web-console (3.7.0) lib/web_console/middleware.rb:20:in `call'
actionpack (5.2.4.1) lib/action_dispatch/middleware/show_exceptions.rb:33:in `call'
railties (5.2.4.1) lib/rails/rack/logger.rb:38:in `call_app'
railties (5.2.4.1) lib/rails/rack/logger.rb:26:in `block in call'
activesupport (5.2.4.1) lib/active_support/tagged_logging.rb:71:in `block in tagged'
activesupport (5.2.4.1) lib/active_support/tagged_logging.rb:28:in `tagged'
activesupport (5.2.4.1) lib/active_support/tagged_logging.rb:71:in `tagged'
railties (5.2.4.1) lib/rails/rack/logger.rb:26:in `call'
sprockets-rails (3.2.1) lib/sprockets/rails/quiet_assets.rb:13:in `call'
actionpack (5.2.4.1) lib/action_dispatch/middleware/remote_ip.rb:81:in `call'
actionpack (5.2.4.1) lib/action_dispatch/middleware/request_id.rb:27:in `call'
rack (2.2.2) lib/rack/method_override.rb:24:in `call'
rack (2.2.2) lib/rack/runtime.rb:22:in `call'
activesupport (5.2.4.1) lib/active_support/cache/strategy/local_cache_middleware.rb:29:in `call'
actionpack (5.2.4.1) lib/action_dispatch/middleware/executor.rb:14:in `call'
actionpack (5.2.4.1) lib/action_dispatch/middleware/static.rb:127:in `call'
rack (2.2.2) lib/rack/sendfile.rb:110:in `call'
railties (5.2.4.1) lib/rails/engine.rb:524:in `call'
puma (3.12.2) lib/puma/configuration.rb:227:in `call'
puma (3.12.2) lib/puma/server.rb:674:in `handle_request'
puma (3.12.2) lib/puma/server.rb:476:in `process_client'
puma (3.12.2) lib/puma/server.rb:334:in `block in run'
puma (3.12.2) lib/puma/thread_pool.rb:135:in `block in spawn_thread'
  [1m[35m (0.3ms)[0m  [1m[34mSELECT pg_try_advisory_lock(6905882407159880655)[0m
  ↳ bin/rails:4
  [1m[35m (2.2ms)[0m  [1m[34mSELECT "schema_migrations"."version" FROM "schema_migrations" ORDER BY "schema_migrations"."version" ASC[0m
  ↳ bin/rails:4
Migrating to CreateShowreels (20200221113250)
  [1m[35m (0.2ms)[0m  [1m[35mBEGIN[0m
  ↳ bin/rails:4
  [1m[35m (11.0ms)[0m  [1m[35mCREATE TABLE "showreels" ("id" bigserial primary key, "title" character varying, "notes" text, "created_at" timestamp NOT NULL, "updated_at" timestamp NOT NULL)[0m
  ↳ db/migrate/20200221113250_create_showreels.rb:3
  [1m[36mActiveRecord::SchemaMigration Create (0.3ms)[0m  [1m[32mINSERT INTO "schema_migrations" ("version") VALUES ($1) RETURNING "version"[0m  [["version", "20200221113250"]]
  ↳ bin/rails:4
  [1m[35m (0.9ms)[0m  [1m[35mCOMMIT[0m
  ↳ bin/rails:4
  [1m[36mActiveRecord::InternalMetadata Load (4.3ms)[0m  [1m[34mSELECT  "ar_internal_metadata".* FROM "ar_internal_metadata" WHERE "ar_internal_metadata"."key" = $1 LIMIT $2[0m  [["key", "environment"], ["LIMIT", 1]]
  ↳ bin/rails:4
  [1m[35m (0.2ms)[0m  [1m[35mBEGIN[0m
  ↳ bin/rails:4
  [1m[35m (0.2ms)[0m  [1m[35mCOMMIT[0m
  ↳ bin/rails:4
  [1m[35m (0.2ms)[0m  [1m[34mSELECT pg_advisory_unlock(6905882407159880655)[0m
  ↳ bin/rails:4
  [1m[35m (0.3ms)[0m  [1m[34mSELECT "schema_migrations"."version" FROM "schema_migrations" ORDER BY "schema_migrations"."version" ASC[0m
  ↳ bin/rails:4
Started GET "/rails/info/routes" for ::1 at 2020-02-21 22:34:22 +1100
  [1m[35m (0.2ms)[0m  [1m[34mSELECT "schema_migrations"."version" FROM "schema_migrations" ORDER BY "schema_migrations"."version" ASC[0m
  ↳ /Users/olivercook/.rvm/gems/ruby-2.4.1/gems/activerecord-5.2.4.1/lib/active_record/log_subscriber.rb:98
Processing by Rails::InfoController#routes as HTML
  Rendering /Users/olivercook/.rvm/gems/ruby-2.4.1/gems/railties-5.2.4.1/lib/rails/templates/rails/info/routes.html.erb within layouts/application
  Rendered collection of /Users/olivercook/.rvm/gems/ruby-2.4.1/gems/actionpack-5.2.4.1/lib/action_dispatch/middleware/templates/routes/_route.html.erb [16 times] (12.5ms)
  Rendered /Users/olivercook/.rvm/gems/ruby-2.4.1/gems/actionpack-5.2.4.1/lib/action_dispatch/middleware/templates/routes/_table.html.erb (1.2ms)
  Rendered /Users/olivercook/.rvm/gems/ruby-2.4.1/gems/railties-5.2.4.1/lib/rails/templates/rails/info/routes.html.erb within layouts/application (22.6ms)
Completed 200 OK in 42ms (Views: 35.0ms | ActiveRecord: 0.0ms)


Started GET "/blogs" for ::1 at 2020-02-21 22:34:37 +1100
Processing by BlogsController#index as HTML
  Rendering blogs/index.html.erb within layouts/application
  [1m[36mBlog Load (0.7ms)[0m  [1m[34mSELECT "blogs".* FROM "blogs"[0m
  ↳ app/views/blogs/index.html.erb:15
  Rendered blogs/index.html.erb within layouts/application (15.2ms)
Completed 200 OK in 86ms (Views: 68.6ms | ActiveRecord: 7.5ms)


Started GET "/" for ::1 at 2020-02-21 22:34:38 +1100
Processing by Rails::WelcomeController#index as HTML
  Rendering /Users/olivercook/.rvm/gems/ruby-2.4.1/gems/railties-5.2.4.1/lib/rails/templates/rails/welcome/index.html.erb
  Rendered /Users/olivercook/.rvm/gems/ruby-2.4.1/gems/railties-5.2.4.1/lib/rails/templates/rails/welcome/index.html.erb (2.4ms)
Completed 200 OK in 13ms (Views: 6.4ms | ActiveRecord: 0.0ms)


Started GET "/skills" for ::1 at 2020-02-21 22:34:54 +1100
  
ActionController::RoutingError (No route matches [GET] "/skills"):
  
actionpack (5.2.4.1) lib/action_dispatch/middleware/debug_exceptions.rb:65:in `call'
web-console (3.7.0) lib/web_console/middleware.rb:135:in `call_app'
web-console (3.7.0) lib/web_console/middleware.rb:30:in `block in call'
web-console (3.7.0) lib/web_console/middleware.rb:20:in `catch'
web-console (3.7.0) lib/web_console/middleware.rb:20:in `call'
actionpack (5.2.4.1) lib/action_dispatch/middleware/show_exceptions.rb:33:in `call'
railties (5.2.4.1) lib/rails/rack/logger.rb:38:in `call_app'
railties (5.2.4.1) lib/rails/rack/logger.rb:26:in `block in call'
activesupport (5.2.4.1) lib/active_support/tagged_logging.rb:71:in `block in tagged'
activesupport (5.2.4.1) lib/active_support/tagged_logging.rb:28:in `tagged'
activesupport (5.2.4.1) lib/active_support/tagged_logging.rb:71:in `tagged'
railties (5.2.4.1) lib/rails/rack/logger.rb:26:in `call'
sprockets-rails (3.2.1) lib/sprockets/rails/quiet_assets.rb:13:in `call'
actionpack (5.2.4.1) lib/action_dispatch/middleware/remote_ip.rb:81:in `call'
actionpack (5.2.4.1) lib/action_dispatch/middleware/request_id.rb:27:in `call'
rack (2.2.2) lib/rack/method_override.rb:24:in `call'
rack (2.2.2) lib/rack/runtime.rb:22:in `call'
activesupport (5.2.4.1) lib/active_support/cache/strategy/local_cache_middleware.rb:29:in `call'
actionpack (5.2.4.1) lib/action_dispatch/middleware/executor.rb:14:in `call'
actionpack (5.2.4.1) lib/action_dispatch/middleware/static.rb:127:in `call'
rack (2.2.2) lib/rack/sendfile.rb:110:in `call'
railties (5.2.4.1) lib/rails/engine.rb:524:in `call'
puma (3.12.2) lib/puma/configuration.rb:227:in `call'
puma (3.12.2) lib/puma/server.rb:674:in `handle_request'
puma (3.12.2) lib/puma/server.rb:476:in `process_client'
puma (3.12.2) lib/puma/server.rb:334:in `block in run'
puma (3.12.2) lib/puma/thread_pool.rb:135:in `block in spawn_thread'
Started GET "/showreels" for ::1 at 2020-02-21 22:34:56 +1100
Processing by ShowreelsController#index as HTML
  Rendering showreels/index.html.erb within layouts/application
  [1m[36mShowreel Load (3.0ms)[0m  [1m[34mSELECT "showreels".* FROM "showreels"[0m
  ↳ app/views/showreels/index.html.erb:15
  Rendered showreels/index.html.erb within layouts/application (10.7ms)
Completed 200 OK in 46ms (Views: 32.5ms | ActiveRecord: 7.7ms)


Started GET "/showreels/new" for ::1 at 2020-02-21 22:35:03 +1100
Processing by ShowreelsController#new as HTML
  Rendering showreels/new.html.erb within layouts/application
  Rendered showreels/_form.html.erb (4.1ms)
  Rendered showreels/new.html.erb within layouts/application (8.0ms)
Completed 200 OK in 46ms (Views: 30.7ms | ActiveRecord: 8.2ms)


Started GET "/showreels" for ::1 at 2020-02-21 22:35:10 +1100
Processing by ShowreelsController#index as HTML
  Rendering showreels/index.html.erb within layouts/application
  [1m[36mShowreel Load (0.4ms)[0m  [1m[34mSELECT "showreels".* FROM "showreels"[0m
  ↳ app/views/showreels/index.html.erb:15
  Rendered showreels/index.html.erb within layouts/application (2.1ms)
Completed 200 OK in 28ms (Views: 22.2ms | ActiveRecord: 0.4ms)


Started GET "/showreels/new" for ::1 at 2020-02-21 22:52:24 +1100
Processing by ShowreelsController#new as HTML
  Rendering showreels/new.html.erb within layouts/application
  Rendered showreels/_form.html.erb (10.2ms)
  Rendered showreels/new.html.erb within layouts/application (16.4ms)
Completed 200 OK in 81ms (Views: 72.4ms | ActiveRecord: 0.0ms)


Started GET "/" for ::1 at 2020-02-21 22:52:41 +1100
Processing by Rails::WelcomeController#index as HTML
  Rendering /Users/olivercook/.rvm/gems/ruby-2.4.1/gems/railties-5.2.4.1/lib/rails/templates/rails/welcome/index.html.erb
  Rendered /Users/olivercook/.rvm/gems/ruby-2.4.1/gems/railties-5.2.4.1/lib/rails/templates/rails/welcome/index.html.erb (2.9ms)
Completed 200 OK in 16ms (Views: 8.0ms | ActiveRecord: 0.0ms)


  [1m[35m (1.5ms)[0m  [1m[34mSELECT pg_try_advisory_lock(6905882407159880655)[0m
  ↳ bin/rails:4
  [1m[35m (2.4ms)[0m  [1m[34mSELECT "schema_migrations"."version" FROM "schema_migrations" ORDER BY "schema_migrations"."version" ASC[0m
  ↳ bin/rails:4
Migrating to CreateContacts (20200222004854)
  [1m[35m (0.3ms)[0m  [1m[35mBEGIN[0m
  ↳ bin/rails:4
  [1m[35m (13.3ms)[0m  [1m[35mCREATE TABLE "contacts" ("id" bigserial primary key, "title" character varying, "body" text, "created_at" timestamp NOT NULL, "updated_at" timestamp NOT NULL)[0m
  ↳ db/migrate/20200222004854_create_contacts.rb:3
  [1m[36mActiveRecord::SchemaMigration Create (0.4ms)[0m  [1m[32mINSERT INTO "schema_migrations" ("version") VALUES ($1) RETURNING "version"[0m  [["version", "20200222004854"]]
  ↳ bin/rails:4
  [1m[35m (5.1ms)[0m  [1m[35mCOMMIT[0m
  ↳ bin/rails:4
  [1m[36mActiveRecord::InternalMetadata Load (0.5ms)[0m  [1m[34mSELECT  "ar_internal_metadata".* FROM "ar_internal_metadata" WHERE "ar_internal_metadata"."key" = $1 LIMIT $2[0m  [["key", "environment"], ["LIMIT", 1]]
  ↳ bin/rails:4
  [1m[35m (0.2ms)[0m  [1m[35mBEGIN[0m
  ↳ bin/rails:4
  [1m[35m (0.1ms)[0m  [1m[35mCOMMIT[0m
  ↳ bin/rails:4
  [1m[35m (0.3ms)[0m  [1m[34mSELECT pg_advisory_unlock(6905882407159880655)[0m
  ↳ bin/rails:4
  [1m[35m (0.2ms)[0m  [1m[34mSELECT "schema_migrations"."version" FROM "schema_migrations" ORDER BY "schema_migrations"."version" ASC[0m
  ↳ bin/rails:4
